<?xml version="1.0" encoding="UTF-8"?>
<!-- Generated by org.testng.reporters.JUnitReportReporter -->
<testsuite skipped="0" hostname="aditya-x550cc" name="TestPlan" tests="1" failures="0" timestamp="07 Nov 2020 05:07:04 GMT" time="1.515" errors="0">
  <testcase name="submitForm" time="1.515" classname="TestPlan"/>
</testsuite> <!-- TestPlan -->
